Compiling the C compiler identification source file "CMakeCCompilerId.c" failed.
Compiler:  
Build flags: 
Id flags:  

The output was:
1
Microsoft (R) Build Engine version 15.9.21+g9802d43bc3 for .NET Framework
Copyright (C) Microsoft Corporation. All rights reserved.

Build started 12/9/2019 3:26:48 PM.
Project "C:\Users\orbp\source\repos\winafl\CMakeFiles\3.16.0\CompilerIdC\CompilerIdC.vcxproj" on node 1 (default targets).
PrepareForBuild:
  Creating directory "Debug\".
C:\Program Files (x86)\Microsoft Visual Studio\2017\Enterprise\Common7\IDE\VC\VCTargets\Microsoft.CppBuild.targets(402,5): warning MSB8038: Spectre mitigation is enabled but Spectre mitigated libraries are not found.  Verify that the Visual Studio Workload includes the Spectre mitigated libraries.  See https://aka.ms/Ofhn4c for more information. [C:\Users\orbp\source\repos\winafl\CMakeFiles\3.16.0\CompilerIdC\CompilerIdC.vcxproj]
  Creating directory "Debug\CompilerIdC.tlog\".
InitializeBuildStatus:
  Creating "Debug\CompilerIdC.tlog\unsuccessfulbuild" because "AlwaysCreate" was specified.
ClCompile:
  C:\Program Files (x86)\Microsoft Visual Studio\2017\Enterprise\VC\Tools\MSVC\14.16.27023\bin\HostX86\x64\CL.exe /c /nologo /W0 /WX- /diagnostics:classic /Od /D _MBCS /Gm- /EHsc /RTC1 /MDd /GS /fp:precise /Qspectre /Zc:wchar_t /Zc:forScope /Zc:inline /Fo"Debug\\" /Fd"Debug\vc141.pdb" /Gd /TC /FC /errorReport:queue CMakeCCompilerId.c
  CMakeCCompilerId.c
Link:
  C:\Program Files (x86)\Microsoft Visual Studio\2017\Enterprise\VC\Tools\MSVC\14.16.27023\bin\HostX86\x64\link.exe /ERRORREPORT:QUEUE /OUT:".\CompilerIdC.exe" /INCREMENTAL:NO /NOLOGO kernel32.lib user32.lib gdi32.lib winspool.lib comdlg32.lib advapi32.lib shell32.lib ole32.lib oleaut32.lib uuid.lib odbc32.lib odbccp32.lib /MANIFEST /MANIFESTUAC:"level='asInvoker' uiAccess='false'" /manifest:embed /PDB:".\CompilerIdC.pdb" /SUBSYSTEM:CONSOLE /TLBID:1 /DYNAMICBASE /NXCOMPAT /IMPLIB:".\CompilerIdC.lib" /MACHINE:X64 Debug\CMakeCCompilerId.obj
LINK : fatal error LNK1104: cannot open file 'MSVCRTD.lib' [C:\Users\orbp\source\repos\winafl\CMakeFiles\3.16.0\CompilerIdC\CompilerIdC.vcxproj]
Done Building Project "C:\Users\orbp\source\repos\winafl\CMakeFiles\3.16.0\CompilerIdC\CompilerIdC.vcxproj" (default targets) -- FAILED.

Build FAILED.

"C:\Users\orbp\source\repos\winafl\CMakeFiles\3.16.0\CompilerIdC\CompilerIdC.vcxproj" (default target) (1) ->
(PrepareForBuild target) -> 
  C:\Program Files (x86)\Microsoft Visual Studio\2017\Enterprise\Common7\IDE\VC\VCTargets\Microsoft.CppBuild.targets(402,5): warning MSB8038: Spectre mitigation is enabled but Spectre mitigated libraries are not found.  Verify that the Visual Studio Workload includes the Spectre mitigated libraries.  See https://aka.ms/Ofhn4c for more information. [C:\Users\orbp\source\repos\winafl\CMakeFiles\3.16.0\CompilerIdC\CompilerIdC.vcxproj]


"C:\Users\orbp\source\repos\winafl\CMakeFiles\3.16.0\CompilerIdC\CompilerIdC.vcxproj" (default target) (1) ->
(Link target) -> 
  LINK : fatal error LNK1104: cannot open file 'MSVCRTD.lib' [C:\Users\orbp\source\repos\winafl\CMakeFiles\3.16.0\CompilerIdC\CompilerIdC.vcxproj]

    1 Warning(s)
    1 Error(s)

Time Elapsed 00:00:00.64


Compiling the C compiler identification source file "CMakeCCompilerId.c" failed.
Compiler:  
Build flags: 
Id flags:  

The output was:
1
Microsoft (R) Build Engine version 15.9.21+g9802d43bc3 for .NET Framework
Copyright (C) Microsoft Corporation. All rights reserved.

Build started 12/9/2019 3:26:49 PM.
Project "C:\Users\orbp\source\repos\winafl\CMakeFiles\3.16.0\CompilerIdC\CompilerIdC.vcxproj" on node 1 (default targets).
PrepareForBuild:
  Creating directory "Debug\".
C:\Program Files (x86)\Microsoft Visual Studio\2017\Enterprise\Common7\IDE\VC\VCTargets\Microsoft.CppBuild.targets(402,5): warning MSB8038: Spectre mitigation is enabled but Spectre mitigated libraries are not found.  Verify that the Visual Studio Workload includes the Spectre mitigated libraries.  See https://aka.ms/Ofhn4c for more information. [C:\Users\orbp\source\repos\winafl\CMakeFiles\3.16.0\CompilerIdC\CompilerIdC.vcxproj]
  Creating directory "Debug\CompilerIdC.tlog\".
InitializeBuildStatus:
  Creating "Debug\CompilerIdC.tlog\unsuccessfulbuild" because "AlwaysCreate" was specified.
ClCompile:
  C:\Program Files (x86)\Microsoft Visual Studio\2017\Enterprise\VC\Tools\MSVC\14.16.27023\bin\HostX86\x64\CL.exe /c /nologo /W0 /WX- /diagnostics:classic /Od /D _MBCS /Gm- /EHsc /RTC1 /MDd /GS /fp:precise /Qspectre /Zc:wchar_t /Zc:forScope /Zc:inline /Fo"Debug\\" /Fd"Debug\vc141.pdb" /Gd /TC /FC /errorReport:queue CMakeCCompilerId.c
  CMakeCCompilerId.c
Link:
  C:\Program Files (x86)\Microsoft Visual Studio\2017\Enterprise\VC\Tools\MSVC\14.16.27023\bin\HostX86\x64\link.exe /ERRORREPORT:QUEUE /OUT:".\CompilerIdC.exe" /INCREMENTAL:NO /NOLOGO kernel32.lib user32.lib gdi32.lib winspool.lib comdlg32.lib advapi32.lib shell32.lib ole32.lib oleaut32.lib uuid.lib odbc32.lib odbccp32.lib /MANIFEST /MANIFESTUAC:"level='asInvoker' uiAccess='false'" /manifest:embed /PDB:".\CompilerIdC.pdb" /SUBSYSTEM:CONSOLE /TLBID:1 /DYNAMICBASE /NXCOMPAT /IMPLIB:".\CompilerIdC.lib" /MACHINE:X64 Debug\CMakeCCompilerId.obj
LINK : fatal error LNK1104: cannot open file 'MSVCRTD.lib' [C:\Users\orbp\source\repos\winafl\CMakeFiles\3.16.0\CompilerIdC\CompilerIdC.vcxproj]
Done Building Project "C:\Users\orbp\source\repos\winafl\CMakeFiles\3.16.0\CompilerIdC\CompilerIdC.vcxproj" (default targets) -- FAILED.

Build FAILED.

"C:\Users\orbp\source\repos\winafl\CMakeFiles\3.16.0\CompilerIdC\CompilerIdC.vcxproj" (default target) (1) ->
(PrepareForBuild target) -> 
  C:\Program Files (x86)\Microsoft Visual Studio\2017\Enterprise\Common7\IDE\VC\VCTargets\Microsoft.CppBuild.targets(402,5): warning MSB8038: Spectre mitigation is enabled but Spectre mitigated libraries are not found.  Verify that the Visual Studio Workload includes the Spectre mitigated libraries.  See https://aka.ms/Ofhn4c for more information. [C:\Users\orbp\source\repos\winafl\CMakeFiles\3.16.0\CompilerIdC\CompilerIdC.vcxproj]


"C:\Users\orbp\source\repos\winafl\CMakeFiles\3.16.0\CompilerIdC\CompilerIdC.vcxproj" (default target) (1) ->
(Link target) -> 
  LINK : fatal error LNK1104: cannot open file 'MSVCRTD.lib' [C:\Users\orbp\source\repos\winafl\CMakeFiles\3.16.0\CompilerIdC\CompilerIdC.vcxproj]

    1 Warning(s)
    1 Error(s)

Time Elapsed 00:00:00.40


Compiling the C compiler identification source file "CMakeCCompilerId.c" failed.
Compiler:  
Build flags: 
Id flags:  

The output was:
1
Microsoft (R) Build Engine version 15.9.21+g9802d43bc3 for .NET Framework
Copyright (C) Microsoft Corporation. All rights reserved.

Build started 12/9/2019 3:37:11 PM.
Project "C:\Users\orbp\source\repos\winafl\CMakeFiles\3.16.0\CompilerIdC\CompilerIdC.vcxproj" on node 1 (default targets).
PrepareForBuild:
  Creating directory "Debug\".
C:\Program Files (x86)\Microsoft Visual Studio\2017\Enterprise\Common7\IDE\VC\VCTargets\Microsoft.CppBuild.targets(402,5): warning MSB8038: Spectre mitigation is enabled but Spectre mitigated libraries are not found.  Verify that the Visual Studio Workload includes the Spectre mitigated libraries.  See https://aka.ms/Ofhn4c for more information. [C:\Users\orbp\source\repos\winafl\CMakeFiles\3.16.0\CompilerIdC\CompilerIdC.vcxproj]
  Creating directory "Debug\CompilerIdC.tlog\".
InitializeBuildStatus:
  Creating "Debug\CompilerIdC.tlog\unsuccessfulbuild" because "AlwaysCreate" was specified.
ClCompile:
  C:\Program Files (x86)\Microsoft Visual Studio\2017\Enterprise\VC\Tools\MSVC\14.16.27023\bin\HostX86\x64\CL.exe /c /nologo /W0 /WX- /diagnostics:classic /Od /D _MBCS /Gm- /EHsc /RTC1 /MDd /GS /fp:precise /Qspectre /Zc:wchar_t /Zc:forScope /Zc:inline /Fo"Debug\\" /Fd"Debug\vc141.pdb" /Gd /TC /FC /errorReport:queue CMakeCCompilerId.c
  CMakeCCompilerId.c
Link:
  C:\Program Files (x86)\Microsoft Visual Studio\2017\Enterprise\VC\Tools\MSVC\14.16.27023\bin\HostX86\x64\link.exe /ERRORREPORT:QUEUE /OUT:".\CompilerIdC.exe" /INCREMENTAL:NO /NOLOGO kernel32.lib user32.lib gdi32.lib winspool.lib comdlg32.lib advapi32.lib shell32.lib ole32.lib oleaut32.lib uuid.lib odbc32.lib odbccp32.lib /MANIFEST /MANIFESTUAC:"level='asInvoker' uiAccess='false'" /manifest:embed /PDB:".\CompilerIdC.pdb" /SUBSYSTEM:CONSOLE /TLBID:1 /DYNAMICBASE /NXCOMPAT /IMPLIB:".\CompilerIdC.lib" /MACHINE:X64 Debug\CMakeCCompilerId.obj
LINK : fatal error LNK1104: cannot open file 'MSVCRTD.lib' [C:\Users\orbp\source\repos\winafl\CMakeFiles\3.16.0\CompilerIdC\CompilerIdC.vcxproj]
Done Building Project "C:\Users\orbp\source\repos\winafl\CMakeFiles\3.16.0\CompilerIdC\CompilerIdC.vcxproj" (default targets) -- FAILED.

Build FAILED.

"C:\Users\orbp\source\repos\winafl\CMakeFiles\3.16.0\CompilerIdC\CompilerIdC.vcxproj" (default target) (1) ->
(PrepareForBuild target) -> 
  C:\Program Files (x86)\Microsoft Visual Studio\2017\Enterprise\Common7\IDE\VC\VCTargets\Microsoft.CppBuild.targets(402,5): warning MSB8038: Spectre mitigation is enabled but Spectre mitigated libraries are not found.  Verify that the Visual Studio Workload includes the Spectre mitigated libraries.  See https://aka.ms/Ofhn4c for more information. [C:\Users\orbp\source\repos\winafl\CMakeFiles\3.16.0\CompilerIdC\CompilerIdC.vcxproj]


"C:\Users\orbp\source\repos\winafl\CMakeFiles\3.16.0\CompilerIdC\CompilerIdC.vcxproj" (default target) (1) ->
(Link target) -> 
  LINK : fatal error LNK1104: cannot open file 'MSVCRTD.lib' [C:\Users\orbp\source\repos\winafl\CMakeFiles\3.16.0\CompilerIdC\CompilerIdC.vcxproj]

    1 Warning(s)
    1 Error(s)

Time Elapsed 00:00:00.46


Compiling the C compiler identification source file "CMakeCCompilerId.c" failed.
Compiler:  
Build flags: 
Id flags:  

The output was:
1
Microsoft (R) Build Engine version 15.9.21+g9802d43bc3 for .NET Framework
Copyright (C) Microsoft Corporation. All rights reserved.

Build started 12/9/2019 3:37:12 PM.
Project "C:\Users\orbp\source\repos\winafl\CMakeFiles\3.16.0\CompilerIdC\CompilerIdC.vcxproj" on node 1 (default targets).
PrepareForBuild:
  Creating directory "Debug\".
C:\Program Files (x86)\Microsoft Visual Studio\2017\Enterprise\Common7\IDE\VC\VCTargets\Microsoft.CppBuild.targets(402,5): warning MSB8038: Spectre mitigation is enabled but Spectre mitigated libraries are not found.  Verify that the Visual Studio Workload includes the Spectre mitigated libraries.  See https://aka.ms/Ofhn4c for more information. [C:\Users\orbp\source\repos\winafl\CMakeFiles\3.16.0\CompilerIdC\CompilerIdC.vcxproj]
  Creating directory "Debug\CompilerIdC.tlog\".
InitializeBuildStatus:
  Creating "Debug\CompilerIdC.tlog\unsuccessfulbuild" because "AlwaysCreate" was specified.
ClCompile:
  C:\Program Files (x86)\Microsoft Visual Studio\2017\Enterprise\VC\Tools\MSVC\14.16.27023\bin\HostX86\x64\CL.exe /c /nologo /W0 /WX- /diagnostics:classic /Od /D _MBCS /Gm- /EHsc /RTC1 /MDd /GS /fp:precise /Qspectre /Zc:wchar_t /Zc:forScope /Zc:inline /Fo"Debug\\" /Fd"Debug\vc141.pdb" /Gd /TC /FC /errorReport:queue CMakeCCompilerId.c
  CMakeCCompilerId.c
Link:
  C:\Program Files (x86)\Microsoft Visual Studio\2017\Enterprise\VC\Tools\MSVC\14.16.27023\bin\HostX86\x64\link.exe /ERRORREPORT:QUEUE /OUT:".\CompilerIdC.exe" /INCREMENTAL:NO /NOLOGO kernel32.lib user32.lib gdi32.lib winspool.lib comdlg32.lib advapi32.lib shell32.lib ole32.lib oleaut32.lib uuid.lib odbc32.lib odbccp32.lib /MANIFEST /MANIFESTUAC:"level='asInvoker' uiAccess='false'" /manifest:embed /PDB:".\CompilerIdC.pdb" /SUBSYSTEM:CONSOLE /TLBID:1 /DYNAMICBASE /NXCOMPAT /IMPLIB:".\CompilerIdC.lib" /MACHINE:X64 Debug\CMakeCCompilerId.obj
LINK : fatal error LNK1104: cannot open file 'MSVCRTD.lib' [C:\Users\orbp\source\repos\winafl\CMakeFiles\3.16.0\CompilerIdC\CompilerIdC.vcxproj]
Done Building Project "C:\Users\orbp\source\repos\winafl\CMakeFiles\3.16.0\CompilerIdC\CompilerIdC.vcxproj" (default targets) -- FAILED.

Build FAILED.

"C:\Users\orbp\source\repos\winafl\CMakeFiles\3.16.0\CompilerIdC\CompilerIdC.vcxproj" (default target) (1) ->
(PrepareForBuild target) -> 
  C:\Program Files (x86)\Microsoft Visual Studio\2017\Enterprise\Common7\IDE\VC\VCTargets\Microsoft.CppBuild.targets(402,5): warning MSB8038: Spectre mitigation is enabled but Spectre mitigated libraries are not found.  Verify that the Visual Studio Workload includes the Spectre mitigated libraries.  See https://aka.ms/Ofhn4c for more information. [C:\Users\orbp\source\repos\winafl\CMakeFiles\3.16.0\CompilerIdC\CompilerIdC.vcxproj]


"C:\Users\orbp\source\repos\winafl\CMakeFiles\3.16.0\CompilerIdC\CompilerIdC.vcxproj" (default target) (1) ->
(Link target) -> 
  LINK : fatal error LNK1104: cannot open file 'MSVCRTD.lib' [C:\Users\orbp\source\repos\winafl\CMakeFiles\3.16.0\CompilerIdC\CompilerIdC.vcxproj]

    1 Warning(s)
    1 Error(s)

Time Elapsed 00:00:00.45


